-------------------------------------------------------------------------------
Test set: es.udc.ws.app.test.model.appservice.AppServiceTest
-------------------------------------------------------------------------------
Tests run: 1, Failures: 0, Errors: 1, Skipped: 0, Time elapsed: 0.063 s <<< FAILURE! -- in es.udc.ws.app.test.model.appservice.AppServiceTest
es.udc.ws.app.test.model.appservice.AppServiceTest -- Time elapsed: 0.063 s <<< ERROR!
java.lang.RuntimeException: javax.naming.NoInitialContextException: Need to specify class name in environment or system property, or in an application resource file: java.naming.factory.initial
	at es.udc.ws.util.sql.DataSourceLocator.getDataSource(DataSourceLocator.java:61)
	at es.udc.ws.app.model.surveyservice.SurveyServiceImpl.<init>(SurveyServiceImpl.java:26)
	at es.udc.ws.app.test.model.appservice.AppServiceTest.init(AppServiceTest.java:44)
	at java.base/java.lang.reflect.Method.invoke(Method.java:580)
	at java.base/java.util.ArrayList.forEach(ArrayList.java:1596)
Caused by: javax.naming.NoInitialContextException: Need to specify class name in environment or system property, or in an application resource file: java.naming.factory.initial
	at java.naming/javax.naming.spi.NamingManager.getInitialContext(NamingManager.java:492)
	at java.naming/javax.naming.InitialContext.getDefaultInitCtx(InitialContext.java:305)
	at java.naming/javax.naming.InitialContext.getURLOrDefaultInitCtx(InitialContext.java:342)
	at java.naming/javax.naming.InitialContext.lookup(InitialContext.java:409)
	at es.udc.ws.util.sql.DataSourceLocator.getDataSource(DataSourceLocator.java:57)
	... 4 more

